c:\users\khoa5\desktop\ass2\libpro\libpro\x64\release\usermenu.obj
c:\users\khoa5\desktop\ass2\libpro\libpro\x64\release\starrating.obj
c:\users\khoa5\desktop\ass2\libpro\libpro\x64\release\stareditor.obj
c:\users\khoa5\desktop\ass2\libpro\libpro\x64\release\stardelegate.obj
c:\users\khoa5\desktop\ass2\libpro\libpro\x64\release\registerform.obj
c:\users\khoa5\desktop\ass2\libpro\libpro\x64\release\main.obj
c:\users\khoa5\desktop\ass2\libpro\libpro\x64\release\libpro.obj
c:\users\khoa5\desktop\ass2\libpro\libpro\x64\release\moc_usermenu.obj
c:\users\khoa5\desktop\ass2\libpro\libpro\x64\release\moc_registerform.obj
c:\users\khoa5\desktop\ass2\libpro\libpro\x64\release\moc_libpro.obj
c:\users\khoa5\desktop\ass2\libpro\libpro\x64\release\moc_forgotpass.obj
c:\users\khoa5\desktop\ass2\libpro\libpro\x64\release\forgotpass.obj
c:\users\khoa5\desktop\ass2\libpro\libpro\x64\release\features.obj
c:\users\khoa5\desktop\ass2\libpro\libpro\x64\release\qrc_source.obj
c:\users\khoa5\desktop\ass2\libpro\libpro\x64\release\qrc_libpro.obj
c:\users\khoa5\desktop\ass2\libpro\libpro\generatedfiles\release\moc_libpro.cpp
c:\users\khoa5\desktop\ass2\libpro\libpro\generatedfiles\ui_libpro.h
c:\users\khoa5\desktop\ass2\libpro\libpro\generatedfiles\release\moc_usermenu.cpp
c:\users\khoa5\desktop\ass2\libpro\libpro\generatedfiles\release\moc_forgotpass.cpp
c:\users\khoa5\desktop\ass2\libpro\libpro\generatedfiles\release\moc_registerform.cpp
c:\users\khoa5\desktop\ass2\libpro\libpro\generatedfiles\ui_forgotpass.h
c:\users\khoa5\desktop\ass2\libpro\libpro\generatedfiles\ui_usermenu.h
c:\users\khoa5\desktop\ass2\libpro\libpro\generatedfiles\ui_registerform.h
c:\users\khoa5\desktop\ass2\libpro\libpro\generatedfiles\qrc_libpro.cpp
c:\users\khoa5\desktop\ass2\libpro\libpro\generatedfiles\qrc_source.cpp
c:\users\khoa5\desktop\ass2\libpro\x64\release\libpro.exe
c:\users\khoa5\desktop\ass2\libpro\libpro\x64\release\libpro.res
c:\users\khoa5\desktop\ass2\libpro\libpro\x64\release\libpro.tlog\cl.command.1.tlog
c:\users\khoa5\desktop\ass2\libpro\libpro\x64\release\libpro.tlog\cl.read.1.tlog
c:\users\khoa5\desktop\ass2\libpro\libpro\x64\release\libpro.tlog\cl.write.1.tlog
c:\users\khoa5\desktop\ass2\libpro\libpro\x64\release\libpro.tlog\custombuild.command.1.tlog
c:\users\khoa5\desktop\ass2\libpro\libpro\x64\release\libpro.tlog\custombuild.read.1.tlog
c:\users\khoa5\desktop\ass2\libpro\libpro\x64\release\libpro.tlog\custombuild.write.1.tlog
c:\users\khoa5\desktop\ass2\libpro\libpro\x64\release\libpro.tlog\link.command.1.tlog
c:\users\khoa5\desktop\ass2\libpro\libpro\x64\release\libpro.tlog\link.read.1.tlog
c:\users\khoa5\desktop\ass2\libpro\libpro\x64\release\libpro.tlog\link.write.1.tlog
c:\users\khoa5\desktop\ass2\libpro\libpro\x64\release\libpro.tlog\rc.command.1.tlog
c:\users\khoa5\desktop\ass2\libpro\libpro\x64\release\libpro.tlog\rc.read.1.tlog
c:\users\khoa5\desktop\ass2\libpro\libpro\x64\release\libpro.tlog\rc.write.1.tlog
