c:\users\khoa5\desktop\ass2\libpro\libpro\x64\debug\vc141.pdb
c:\users\khoa5\desktop\ass2\libpro\libpro\x64\debug\starrating.obj
c:\users\khoa5\desktop\ass2\libpro\libpro\x64\debug\stareditor.obj
c:\users\khoa5\desktop\ass2\libpro\libpro\x64\debug\stardelegate.obj
c:\users\khoa5\desktop\ass2\libpro\libpro\x64\debug\registerform.obj
c:\users\khoa5\desktop\ass2\libpro\libpro\x64\debug\main.obj
c:\users\khoa5\desktop\ass2\libpro\libpro\x64\debug\libpro.obj
c:\users\khoa5\desktop\ass2\libpro\libpro\x64\debug\moc_usermenu.obj
c:\users\khoa5\desktop\ass2\libpro\libpro\x64\debug\moc_stareditor.obj
c:\users\khoa5\desktop\ass2\libpro\libpro\x64\debug\moc_stardelegate.obj
c:\users\khoa5\desktop\ass2\libpro\libpro\x64\debug\moc_registerform.obj
c:\users\khoa5\desktop\ass2\libpro\libpro\x64\debug\moc_libpro.obj
c:\users\khoa5\desktop\ass2\libpro\libpro\x64\debug\moc_forgotpass.obj
c:\users\khoa5\desktop\ass2\libpro\libpro\x64\debug\moc_adminmenu.obj
c:\users\khoa5\desktop\ass2\libpro\libpro\x64\debug\forgotpass.obj
c:\users\khoa5\desktop\ass2\libpro\libpro\x64\debug\features.obj
c:\users\khoa5\desktop\ass2\libpro\libpro\x64\debug\adminmenu.obj
c:\users\khoa5\desktop\ass2\libpro\libpro\generatedfiles\debug\moc_libpro.cpp
c:\users\khoa5\desktop\ass2\libpro\libpro\generatedfiles\debug\moc_adminmenu.cpp
c:\users\khoa5\desktop\ass2\libpro\libpro\generatedfiles\debug\moc_stareditor.cpp
c:\users\khoa5\desktop\ass2\libpro\libpro\generatedfiles\debug\moc_stardelegate.cpp
c:\users\khoa5\desktop\ass2\libpro\libpro\generatedfiles\debug\moc_usermenu.cpp
c:\users\khoa5\desktop\ass2\libpro\libpro\generatedfiles\debug\moc_forgotpass.cpp
c:\users\khoa5\desktop\ass2\libpro\libpro\generatedfiles\debug\moc_registerform.cpp
c:\users\khoa5\desktop\ass2\libpro\libpro\generatedfiles\ui_forgotpass.h
c:\users\khoa5\desktop\ass2\libpro\libpro\generatedfiles\ui_usermenu.h
c:\users\khoa5\desktop\ass2\libpro\libpro\generatedfiles\ui_registerform.h
c:\users\khoa5\desktop\ass2\libpro\libpro\generatedfiles\qrc_libpro.cpp
c:\users\khoa5\desktop\ass2\libpro\libpro\generatedfiles\qrc_source.cpp
c:\users\khoa5\desktop\ass2\libpro\libpro\generatedfiles\ui_adminmenu.h
c:\users\khoa5\desktop\ass2\libpro\libpro\generatedfiles\ui_libpro.h
c:\users\khoa5\desktop\ass2\libpro\libpro\x64\debug\libpro.tlog\cl.command.1.tlog
c:\users\khoa5\desktop\ass2\libpro\libpro\x64\debug\libpro.tlog\cl.read.1.tlog
c:\users\khoa5\desktop\ass2\libpro\libpro\x64\debug\libpro.tlog\cl.write.1.tlog
c:\users\khoa5\desktop\ass2\libpro\libpro\x64\debug\libpro.tlog\custombuild.command.1.tlog
c:\users\khoa5\desktop\ass2\libpro\libpro\x64\debug\libpro.tlog\custombuild.read.1.tlog
c:\users\khoa5\desktop\ass2\libpro\libpro\x64\debug\libpro.tlog\custombuild.write.1.tlog
