  Moc'ing LIBPRO.h...
  Moc'ing adminmenu.h...
  Moc'ing stareditor.h...
  Moc'ing stardelegate.h...
  Moc'ing usermenu.h...
  Moc'ing forgotpass.h...
  Moc'ing registerform.h...
  Uic'ing ForgotPass.ui...
  Uic'ing usermenu.ui...
C:\Users\khoa5\Desktop\Ass2\LIBPRO\LIBPRO\usermenu.ui : warning : The name 'layoutWidget' (QWidget) is already in use, defaulting to 'layoutWidget1'.
C:\Users\khoa5\Desktop\Ass2\LIBPRO\LIBPRO\usermenu.ui : warning : The name 'layoutWidget' (QWidget) is already in use, defaulting to 'layoutWidget2'.
C:\Users\khoa5\Desktop\Ass2\LIBPRO\LIBPRO\usermenu.ui : warning : The name 'layoutWidget' (QWidget) is already in use, defaulting to 'layoutWidget3'.
C:\Users\khoa5\Desktop\Ass2\LIBPRO\LIBPRO\usermenu.ui : warning : The name 'layoutWidget' (QWidget) is already in use, defaulting to 'layoutWidget4'.
C:\Users\khoa5\Desktop\Ass2\LIBPRO\LIBPRO\usermenu.ui : warning : The name 'layoutWidget' (QWidget) is already in use, defaulting to 'layoutWidget5'.
C:\Users\khoa5\Desktop\Ass2\LIBPRO\LIBPRO\usermenu.ui : warning : The name 'layoutWidget' (QWidget) is already in use, defaulting to 'layoutWidget6'.
C:\Users\khoa5\Desktop\Ass2\LIBPRO\LIBPRO\usermenu.ui : warning : The name 'layoutWidget' (QWidget) is already in use, defaulting to 'layoutWidget7'.
  Uic'ing RegisterForm.ui...
  Rcc'ing LIBPRO.qrc...
  Rcc'ing source.qrc...
  Uic'ing adminmenu.ui...
  Uic'ing LIBPRO.ui...
  adminmenu.cpp
  Features.cpp
  forgotpass.cpp
  moc_adminmenu.cpp
  moc_forgotpass.cpp
  moc_LIBPRO.cpp
  moc_registerform.cpp
  moc_stardelegate.cpp
  moc_stareditor.cpp
  moc_usermenu.cpp
  LIBPRO.cpp
  main.cpp
  registerform.cpp
  stardelegate.cpp
  stareditor.cpp
  starrating.cpp
  usermenu.cpp
  Generating Code...
  qrc_LIBPRO.cpp
  qrc_source.cpp
  Generating Code...
  LIBPRO.vcxproj -> C:\Users\khoa5\Desktop\Ass2\LIBPRO\x64\Debug\LIBPRO.exe
  LIBPRO.vcxproj -> C:\Users\khoa5\Desktop\Ass2\LIBPRO\x64\Debug\LIBPRO.pdb (Full PDB)
